ERROR - 2025-07-28 06:06:34 --> Error connecting to the database: mysqli_sql_exception: No connection could be made because the target machine actively refused it in C:\Users\Windows\Desktop\phpcodeignitor\system\Database\MySQLi\Connection.php:201
Stack trace:
#0 C:\Users\Windows\Desktop\phpcodeignitor\system\Database\MySQLi\Connection.php(201): mysqli->real_connect('127.0.0.1', 'root', Object(SensitiveParameterValue), 'my_db', 3306, '', 0)
#1 C:\Users\Windows\Desktop\phpcodeignitor\system\Database\BaseConnection.php(419): CodeIgniter\Database\MySQLi\Connection->connect(false)
#2 C:\Users\Windows\Desktop\phpcodeignitor\system\Database\BaseConnection.php(614): CodeIgniter\Database\BaseConnection->initialize()
#3 C:\Users\Windows\Desktop\phpcodeignitor\system\Database\BaseBuilder.php(1649): CodeIgniter\Database\BaseConnection->query('SELECT *\nFROM `...', Array, false)
#4 C:\Users\Windows\Desktop\phpcodeignitor\app\Models\Common.php(32): CodeIgniter\Database\BaseBuilder->get()
#5 C:\Users\Windows\Desktop\phpcodeignitor\app\Controllers\EmployeeController.php(22): App\Models\Common->getRecords('employees')
#6 C:\Users\Windows\Desktop\phpcodeignitor\system\CodeIgniter.php(933): App\Controllers\EmployeeController->getEmployees()
#7 C:\Users\Windows\Desktop\phpcodeignitor\system\CodeIgniter.php(507): CodeIgniter\CodeIgniter->runController(Object(App\Controllers\EmployeeController))
#8 C:\Users\Windows\Desktop\phpcodeignitor\system\CodeIgniter.php(354): CodeIgniter\CodeIgniter->handleRequest(NULL, Object(Config\Cache), false)
#9 C:\Users\Windows\Desktop\phpcodeignitor\system\Boot.php(363): CodeIgniter\CodeIgniter->run()
#10 C:\Users\Windows\Desktop\phpcodeignitor\system\Boot.php(68): CodeIgniter\Boot::runCodeIgniter(Object(CodeIgniter\CodeIgniter))
#11 C:\Users\Windows\Desktop\phpcodeignitor\public\index.php(59): CodeIgniter\Boot::bootWeb(Object(Config\Paths))
#12 C:\Users\Windows\Desktop\phpcodeignitor\system\rewrite.php(44): require_once('C:\\Users\\Window...')
#13 {main}

Next CodeIgniter\Database\Exceptions\DatabaseException: No connection could be made because the target machine actively refused it in C:\Users\Windows\Desktop\phpcodeignitor\system\Database\MySQLi\Connection.php:246
Stack trace:
#0 C:\Users\Windows\Desktop\phpcodeignitor\system\Database\BaseConnection.php(419): CodeIgniter\Database\MySQLi\Connection->connect(false)
#1 C:\Users\Windows\Desktop\phpcodeignitor\system\Database\BaseConnection.php(614): CodeIgniter\Database\BaseConnection->initialize()
#2 C:\Users\Windows\Desktop\phpcodeignitor\system\Database\BaseBuilder.php(1649): CodeIgniter\Database\BaseConnection->query('SELECT *\nFROM `...', Array, false)
#3 C:\Users\Windows\Desktop\phpcodeignitor\app\Models\Common.php(32): CodeIgniter\Database\BaseBuilder->get()
#4 C:\Users\Windows\Desktop\phpcodeignitor\app\Controllers\EmployeeController.php(22): App\Models\Common->getRecords('employees')
#5 C:\Users\Windows\Desktop\phpcodeignitor\system\CodeIgniter.php(933): App\Controllers\EmployeeController->getEmployees()
#6 C:\Users\Windows\Desktop\phpcodeignitor\system\CodeIgniter.php(507): CodeIgniter\CodeIgniter->runController(Object(App\Controllers\EmployeeController))
#7 C:\Users\Windows\Desktop\phpcodeignitor\system\CodeIgniter.php(354): CodeIgniter\CodeIgniter->handleRequest(NULL, Object(Config\Cache), false)
#8 C:\Users\Windows\Desktop\phpcodeignitor\system\Boot.php(363): CodeIgniter\CodeIgniter->run()
#9 C:\Users\Windows\Desktop\phpcodeignitor\system\Boot.php(68): CodeIgniter\Boot::runCodeIgniter(Object(CodeIgniter\CodeIgniter))
#10 C:\Users\Windows\Desktop\phpcodeignitor\public\index.php(59): CodeIgniter\Boot::bootWeb(Object(Config\Paths))
#11 C:\Users\Windows\Desktop\phpcodeignitor\system\rewrite.php(44): require_once('C:\\Users\\Window...')
#12 {main}
ERROR - 2025-07-28 06:06:36 --> Error connecting to the database: mysqli_sql_exception: No connection could be made because the target machine actively refused it in C:\Users\Windows\Desktop\phpcodeignitor\system\Database\MySQLi\Connection.php:201
Stack trace:
#0 C:\Users\Windows\Desktop\phpcodeignitor\system\Database\MySQLi\Connection.php(201): mysqli->real_connect('127.0.0.1', 'root', Object(SensitiveParameterValue), 'my_db', 3306, '', 0)
#1 C:\Users\Windows\Desktop\phpcodeignitor\system\Database\BaseConnection.php(419): CodeIgniter\Database\MySQLi\Connection->connect(false)
#2 C:\Users\Windows\Desktop\phpcodeignitor\system\Database\BaseConnection.php(614): CodeIgniter\Database\BaseConnection->initialize()
#3 C:\Users\Windows\Desktop\phpcodeignitor\system\Database\BaseBuilder.php(1649): CodeIgniter\Database\BaseConnection->query('SELECT *\nFROM `...', Array, false)
#4 C:\Users\Windows\Desktop\phpcodeignitor\app\Models\Common.php(32): CodeIgniter\Database\BaseBuilder->get()
#5 C:\Users\Windows\Desktop\phpcodeignitor\app\Controllers\EmployeeController.php(22): App\Models\Common->getRecords('employees')
#6 C:\Users\Windows\Desktop\phpcodeignitor\system\CodeIgniter.php(933): App\Controllers\EmployeeController->getEmployees()
#7 C:\Users\Windows\Desktop\phpcodeignitor\system\CodeIgniter.php(507): CodeIgniter\CodeIgniter->runController(Object(App\Controllers\EmployeeController))
#8 C:\Users\Windows\Desktop\phpcodeignitor\system\CodeIgniter.php(354): CodeIgniter\CodeIgniter->handleRequest(NULL, Object(Config\Cache), false)
#9 C:\Users\Windows\Desktop\phpcodeignitor\system\Boot.php(363): CodeIgniter\CodeIgniter->run()
#10 C:\Users\Windows\Desktop\phpcodeignitor\system\Boot.php(68): CodeIgniter\Boot::runCodeIgniter(Object(CodeIgniter\CodeIgniter))
#11 C:\Users\Windows\Desktop\phpcodeignitor\public\index.php(59): CodeIgniter\Boot::bootWeb(Object(Config\Paths))
#12 C:\Users\Windows\Desktop\phpcodeignitor\system\rewrite.php(44): require_once('C:\\Users\\Window...')
#13 {main}

Next CodeIgniter\Database\Exceptions\DatabaseException: No connection could be made because the target machine actively refused it in C:\Users\Windows\Desktop\phpcodeignitor\system\Database\MySQLi\Connection.php:246
Stack trace:
#0 C:\Users\Windows\Desktop\phpcodeignitor\system\Database\BaseConnection.php(419): CodeIgniter\Database\MySQLi\Connection->connect(false)
#1 C:\Users\Windows\Desktop\phpcodeignitor\system\Database\BaseConnection.php(614): CodeIgniter\Database\BaseConnection->initialize()
#2 C:\Users\Windows\Desktop\phpcodeignitor\system\Database\BaseBuilder.php(1649): CodeIgniter\Database\BaseConnection->query('SELECT *\nFROM `...', Array, false)
#3 C:\Users\Windows\Desktop\phpcodeignitor\app\Models\Common.php(32): CodeIgniter\Database\BaseBuilder->get()
#4 C:\Users\Windows\Desktop\phpcodeignitor\app\Controllers\EmployeeController.php(22): App\Models\Common->getRecords('employees')
#5 C:\Users\Windows\Desktop\phpcodeignitor\system\CodeIgniter.php(933): App\Controllers\EmployeeController->getEmployees()
#6 C:\Users\Windows\Desktop\phpcodeignitor\system\CodeIgniter.php(507): CodeIgniter\CodeIgniter->runController(Object(App\Controllers\EmployeeController))
#7 C:\Users\Windows\Desktop\phpcodeignitor\system\CodeIgniter.php(354): CodeIgniter\CodeIgniter->handleRequest(NULL, Object(Config\Cache), false)
#8 C:\Users\Windows\Desktop\phpcodeignitor\system\Boot.php(363): CodeIgniter\CodeIgniter->run()
#9 C:\Users\Windows\Desktop\phpcodeignitor\system\Boot.php(68): CodeIgniter\Boot::runCodeIgniter(Object(CodeIgniter\CodeIgniter))
#10 C:\Users\Windows\Desktop\phpcodeignitor\public\index.php(59): CodeIgniter\Boot::bootWeb(Object(Config\Paths))
#11 C:\Users\Windows\Desktop\phpcodeignitor\system\rewrite.php(44): require_once('C:\\Users\\Window...')
#12 {main}
ERROR - 2025-07-28 06:06:39 --> Error connecting to the database: mysqli_sql_exception: No connection could be made because the target machine actively refused it in C:\Users\Windows\Desktop\phpcodeignitor\system\Database\MySQLi\Connection.php:201
Stack trace:
#0 C:\Users\Windows\Desktop\phpcodeignitor\system\Database\MySQLi\Connection.php(201): mysqli->real_connect('127.0.0.1', 'root', Object(SensitiveParameterValue), 'my_db', 3306, '', 0)
#1 C:\Users\Windows\Desktop\phpcodeignitor\system\Database\BaseConnection.php(419): CodeIgniter\Database\MySQLi\Connection->connect(false)
#2 C:\Users\Windows\Desktop\phpcodeignitor\system\Database\BaseConnection.php(614): CodeIgniter\Database\BaseConnection->initialize()
#3 C:\Users\Windows\Desktop\phpcodeignitor\system\Database\BaseBuilder.php(1649): CodeIgniter\Database\BaseConnection->query('SELECT *\nFROM `...', Array, false)
#4 C:\Users\Windows\Desktop\phpcodeignitor\app\Models\Common.php(32): CodeIgniter\Database\BaseBuilder->get()
#5 C:\Users\Windows\Desktop\phpcodeignitor\app\Controllers\EmployeeController.php(22): App\Models\Common->getRecords('employees')
#6 C:\Users\Windows\Desktop\phpcodeignitor\system\CodeIgniter.php(933): App\Controllers\EmployeeController->getEmployees()
#7 C:\Users\Windows\Desktop\phpcodeignitor\system\CodeIgniter.php(507): CodeIgniter\CodeIgniter->runController(Object(App\Controllers\EmployeeController))
#8 C:\Users\Windows\Desktop\phpcodeignitor\system\CodeIgniter.php(354): CodeIgniter\CodeIgniter->handleRequest(NULL, Object(Config\Cache), false)
#9 C:\Users\Windows\Desktop\phpcodeignitor\system\Boot.php(363): CodeIgniter\CodeIgniter->run()
#10 C:\Users\Windows\Desktop\phpcodeignitor\system\Boot.php(68): CodeIgniter\Boot::runCodeIgniter(Object(CodeIgniter\CodeIgniter))
#11 C:\Users\Windows\Desktop\phpcodeignitor\public\index.php(59): CodeIgniter\Boot::bootWeb(Object(Config\Paths))
#12 C:\Users\Windows\Desktop\phpcodeignitor\system\rewrite.php(44): require_once('C:\\Users\\Window...')
#13 {main}

Next CodeIgniter\Database\Exceptions\DatabaseException: No connection could be made because the target machine actively refused it in C:\Users\Windows\Desktop\phpcodeignitor\system\Database\MySQLi\Connection.php:246
Stack trace:
#0 C:\Users\Windows\Desktop\phpcodeignitor\system\Database\BaseConnection.php(419): CodeIgniter\Database\MySQLi\Connection->connect(false)
#1 C:\Users\Windows\Desktop\phpcodeignitor\system\Database\BaseConnection.php(614): CodeIgniter\Database\BaseConnection->initialize()
#2 C:\Users\Windows\Desktop\phpcodeignitor\system\Database\BaseBuilder.php(1649): CodeIgniter\Database\BaseConnection->query('SELECT *\nFROM `...', Array, false)
#3 C:\Users\Windows\Desktop\phpcodeignitor\app\Models\Common.php(32): CodeIgniter\Database\BaseBuilder->get()
#4 C:\Users\Windows\Desktop\phpcodeignitor\app\Controllers\EmployeeController.php(22): App\Models\Common->getRecords('employees')
#5 C:\Users\Windows\Desktop\phpcodeignitor\system\CodeIgniter.php(933): App\Controllers\EmployeeController->getEmployees()
#6 C:\Users\Windows\Desktop\phpcodeignitor\system\CodeIgniter.php(507): CodeIgniter\CodeIgniter->runController(Object(App\Controllers\EmployeeController))
#7 C:\Users\Windows\Desktop\phpcodeignitor\system\CodeIgniter.php(354): CodeIgniter\CodeIgniter->handleRequest(NULL, Object(Config\Cache), false)
#8 C:\Users\Windows\Desktop\phpcodeignitor\system\Boot.php(363): CodeIgniter\CodeIgniter->run()
#9 C:\Users\Windows\Desktop\phpcodeignitor\system\Boot.php(68): CodeIgniter\Boot::runCodeIgniter(Object(CodeIgniter\CodeIgniter))
#10 C:\Users\Windows\Desktop\phpcodeignitor\public\index.php(59): CodeIgniter\Boot::bootWeb(Object(Config\Paths))
#11 C:\Users\Windows\Desktop\phpcodeignitor\system\rewrite.php(44): require_once('C:\\Users\\Window...')
#12 {main}
ERROR - 2025-07-28 06:06:41 --> Error connecting to the database: mysqli_sql_exception: No connection could be made because the target machine actively refused it in C:\Users\Windows\Desktop\phpcodeignitor\system\Database\MySQLi\Connection.php:201
Stack trace:
#0 C:\Users\Windows\Desktop\phpcodeignitor\system\Database\MySQLi\Connection.php(201): mysqli->real_connect('127.0.0.1', 'root', Object(SensitiveParameterValue), 'my_db', 3306, '', 0)
#1 C:\Users\Windows\Desktop\phpcodeignitor\system\Database\BaseConnection.php(419): CodeIgniter\Database\MySQLi\Connection->connect(false)
#2 C:\Users\Windows\Desktop\phpcodeignitor\system\Database\BaseConnection.php(614): CodeIgniter\Database\BaseConnection->initialize()
#3 C:\Users\Windows\Desktop\phpcodeignitor\system\Database\BaseBuilder.php(1649): CodeIgniter\Database\BaseConnection->query('SELECT *\nFROM `...', Array, false)
#4 C:\Users\Windows\Desktop\phpcodeignitor\app\Models\Common.php(32): CodeIgniter\Database\BaseBuilder->get()
#5 C:\Users\Windows\Desktop\phpcodeignitor\app\Controllers\EmployeeController.php(22): App\Models\Common->getRecords('employees')
#6 C:\Users\Windows\Desktop\phpcodeignitor\system\CodeIgniter.php(933): App\Controllers\EmployeeController->getEmployees()
#7 C:\Users\Windows\Desktop\phpcodeignitor\system\CodeIgniter.php(507): CodeIgniter\CodeIgniter->runController(Object(App\Controllers\EmployeeController))
#8 C:\Users\Windows\Desktop\phpcodeignitor\system\CodeIgniter.php(354): CodeIgniter\CodeIgniter->handleRequest(NULL, Object(Config\Cache), false)
#9 C:\Users\Windows\Desktop\phpcodeignitor\system\Boot.php(363): CodeIgniter\CodeIgniter->run()
#10 C:\Users\Windows\Desktop\phpcodeignitor\system\Boot.php(68): CodeIgniter\Boot::runCodeIgniter(Object(CodeIgniter\CodeIgniter))
#11 C:\Users\Windows\Desktop\phpcodeignitor\public\index.php(59): CodeIgniter\Boot::bootWeb(Object(Config\Paths))
#12 C:\Users\Windows\Desktop\phpcodeignitor\system\rewrite.php(44): require_once('C:\\Users\\Window...')
#13 {main}

Next CodeIgniter\Database\Exceptions\DatabaseException: No connection could be made because the target machine actively refused it in C:\Users\Windows\Desktop\phpcodeignitor\system\Database\MySQLi\Connection.php:246
Stack trace:
#0 C:\Users\Windows\Desktop\phpcodeignitor\system\Database\BaseConnection.php(419): CodeIgniter\Database\MySQLi\Connection->connect(false)
#1 C:\Users\Windows\Desktop\phpcodeignitor\system\Database\BaseConnection.php(614): CodeIgniter\Database\BaseConnection->initialize()
#2 C:\Users\Windows\Desktop\phpcodeignitor\system\Database\BaseBuilder.php(1649): CodeIgniter\Database\BaseConnection->query('SELECT *\nFROM `...', Array, false)
#3 C:\Users\Windows\Desktop\phpcodeignitor\app\Models\Common.php(32): CodeIgniter\Database\BaseBuilder->get()
#4 C:\Users\Windows\Desktop\phpcodeignitor\app\Controllers\EmployeeController.php(22): App\Models\Common->getRecords('employees')
#5 C:\Users\Windows\Desktop\phpcodeignitor\system\CodeIgniter.php(933): App\Controllers\EmployeeController->getEmployees()
#6 C:\Users\Windows\Desktop\phpcodeignitor\system\CodeIgniter.php(507): CodeIgniter\CodeIgniter->runController(Object(App\Controllers\EmployeeController))
#7 C:\Users\Windows\Desktop\phpcodeignitor\system\CodeIgniter.php(354): CodeIgniter\CodeIgniter->handleRequest(NULL, Object(Config\Cache), false)
#8 C:\Users\Windows\Desktop\phpcodeignitor\system\Boot.php(363): CodeIgniter\CodeIgniter->run()
#9 C:\Users\Windows\Desktop\phpcodeignitor\system\Boot.php(68): CodeIgniter\Boot::runCodeIgniter(Object(CodeIgniter\CodeIgniter))
#10 C:\Users\Windows\Desktop\phpcodeignitor\public\index.php(59): CodeIgniter\Boot::bootWeb(Object(Config\Paths))
#11 C:\Users\Windows\Desktop\phpcodeignitor\system\rewrite.php(44): require_once('C:\\Users\\Window...')
#12 {main}
ERROR - 2025-07-28 06:12:46 --> Error connecting to the database: mysqli_sql_exception: No connection could be made because the target machine actively refused it in C:\Users\Windows\Desktop\phpcodeignitor\system\Database\MySQLi\Connection.php:201
Stack trace:
#0 C:\Users\Windows\Desktop\phpcodeignitor\system\Database\MySQLi\Connection.php(201): mysqli->real_connect('127.0.0.1', 'root', Object(SensitiveParameterValue), 'my_db', 3306, '', 0)
#1 C:\Users\Windows\Desktop\phpcodeignitor\system\Database\BaseConnection.php(419): CodeIgniter\Database\MySQLi\Connection->connect(false)
#2 C:\Users\Windows\Desktop\phpcodeignitor\system\Database\BaseConnection.php(614): CodeIgniter\Database\BaseConnection->initialize()
#3 C:\Users\Windows\Desktop\phpcodeignitor\system\Database\BaseBuilder.php(1649): CodeIgniter\Database\BaseConnection->query('SELECT *\nFROM `...', Array, false)
#4 C:\Users\Windows\Desktop\phpcodeignitor\app\Models\Common.php(32): CodeIgniter\Database\BaseBuilder->get()
#5 C:\Users\Windows\Desktop\phpcodeignitor\app\Controllers\EmployeeController.php(22): App\Models\Common->getRecords('employees')
#6 C:\Users\Windows\Desktop\phpcodeignitor\system\CodeIgniter.php(933): App\Controllers\EmployeeController->getEmployees()
#7 C:\Users\Windows\Desktop\phpcodeignitor\system\CodeIgniter.php(507): CodeIgniter\CodeIgniter->runController(Object(App\Controllers\EmployeeController))
#8 C:\Users\Windows\Desktop\phpcodeignitor\system\CodeIgniter.php(354): CodeIgniter\CodeIgniter->handleRequest(NULL, Object(Config\Cache), false)
#9 C:\Users\Windows\Desktop\phpcodeignitor\system\Boot.php(363): CodeIgniter\CodeIgniter->run()
#10 C:\Users\Windows\Desktop\phpcodeignitor\system\Boot.php(68): CodeIgniter\Boot::runCodeIgniter(Object(CodeIgniter\CodeIgniter))
#11 C:\Users\Windows\Desktop\phpcodeignitor\public\index.php(59): CodeIgniter\Boot::bootWeb(Object(Config\Paths))
#12 C:\Users\Windows\Desktop\phpcodeignitor\system\rewrite.php(44): require_once('C:\\Users\\Window...')
#13 {main}

Next CodeIgniter\Database\Exceptions\DatabaseException: No connection could be made because the target machine actively refused it in C:\Users\Windows\Desktop\phpcodeignitor\system\Database\MySQLi\Connection.php:246
Stack trace:
#0 C:\Users\Windows\Desktop\phpcodeignitor\system\Database\BaseConnection.php(419): CodeIgniter\Database\MySQLi\Connection->connect(false)
#1 C:\Users\Windows\Desktop\phpcodeignitor\system\Database\BaseConnection.php(614): CodeIgniter\Database\BaseConnection->initialize()
#2 C:\Users\Windows\Desktop\phpcodeignitor\system\Database\BaseBuilder.php(1649): CodeIgniter\Database\BaseConnection->query('SELECT *\nFROM `...', Array, false)
#3 C:\Users\Windows\Desktop\phpcodeignitor\app\Models\Common.php(32): CodeIgniter\Database\BaseBuilder->get()
#4 C:\Users\Windows\Desktop\phpcodeignitor\app\Controllers\EmployeeController.php(22): App\Models\Common->getRecords('employees')
#5 C:\Users\Windows\Desktop\phpcodeignitor\system\CodeIgniter.php(933): App\Controllers\EmployeeController->getEmployees()
#6 C:\Users\Windows\Desktop\phpcodeignitor\system\CodeIgniter.php(507): CodeIgniter\CodeIgniter->runController(Object(App\Controllers\EmployeeController))
#7 C:\Users\Windows\Desktop\phpcodeignitor\system\CodeIgniter.php(354): CodeIgniter\CodeIgniter->handleRequest(NULL, Object(Config\Cache), false)
#8 C:\Users\Windows\Desktop\phpcodeignitor\system\Boot.php(363): CodeIgniter\CodeIgniter->run()
#9 C:\Users\Windows\Desktop\phpcodeignitor\system\Boot.php(68): CodeIgniter\Boot::runCodeIgniter(Object(CodeIgniter\CodeIgniter))
#10 C:\Users\Windows\Desktop\phpcodeignitor\public\index.php(59): CodeIgniter\Boot::bootWeb(Object(Config\Paths))
#11 C:\Users\Windows\Desktop\phpcodeignitor\system\rewrite.php(44): require_once('C:\\Users\\Window...')
#12 {main}
